<?xml version="1.0" encoding="UTF-8"?>
<!-- Generated by org.testng.reporters.JUnitReportReporter -->
<testsuite hostname="RATIKANTSUKHLA" failures="0" tests="1" name="demoqa.com.UploadFile" time="20.246" errors="0" timestamp="2020-01-22T09:34:32 IST" skipped="0">
  <testcase classname="demoqa.com.UploadFile" name="Uploading" time="20.246"/>
</testsuite> <!-- demoqa.com.UploadFile -->
