<?xml version="1.0" encoding="UTF-8"?>
<!-- Generated by org.testng.reporters.JUnitReportReporter -->
<testsuite hostname="RATIKANTSUKHLA" failures="0" tests="1" name="demoqa.com.WindowRelated" time="7.992" errors="0" timestamp="2020-01-22T09:08:59 IST" skipped="0">
  <testcase classname="demoqa.com.WindowRelated" name="newWindowHandle" time="7.992"/>
</testsuite> <!-- demoqa.com.WindowRelated -->
